[debug] [2023-05-06T11:49:39.052Z] ----------------------------------------------------------------------
[debug] [2023-05-06T11:49:39.054Z] Command:       /usr/bin/node /usr/local/bin/firebase deploy
[debug] [2023-05-06T11:49:39.054Z] CLI Version:   11.15.0
[debug] [2023-05-06T11:49:39.054Z] Platform:      linux
[debug] [2023-05-06T11:49:39.054Z] Node Version:  v18.13.0
[debug] [2023-05-06T11:49:39.055Z] Time:          Sat May 06 2023 13:49:39 GMT+0200 (Mitteleuropäische Sommerzeit)
[debug] [2023-05-06T11:49:39.055Z] ----------------------------------------------------------------------
[debug] 
[debug] [2023-05-06T11:49:39.116Z] > command requires scopes: ["email","openid","https://www.googleapis.com/auth/cloudplatformprojects.readonly","https://www.googleapis.com/auth/firebase","https://www.googleapis.com/auth/cloud-platform"]
[debug] [2023-05-06T11:49:39.116Z] > authorizing via signed-in user (benjamin.milcic@gmail.com)
[debug] [2023-05-06T11:49:39.116Z] [iam] checking project vocabularyinputapp for permissions ["firebase.projects.get","firebasehosting.sites.update"]
[debug] [2023-05-06T11:49:39.119Z] >>> [apiv2][query] POST https://cloudresourcemanager.googleapis.com/v1/projects/vocabularyinputapp:testIamPermissions [none]
[debug] [2023-05-06T11:49:39.119Z] >>> [apiv2][(partial)header] POST https://cloudresourcemanager.googleapis.com/v1/projects/vocabularyinputapp:testIamPermissions x-goog-quota-user=projects/vocabularyinputapp
[debug] [2023-05-06T11:49:39.119Z] >>> [apiv2][body] POST https://cloudresourcemanager.googleapis.com/v1/projects/vocabularyinputapp:testIamPermissions {"permissions":["firebase.projects.get","firebasehosting.sites.update"]}
[debug] [2023-05-06T11:49:39.970Z] <<< [apiv2][status] POST https://cloudresourcemanager.googleapis.com/v1/projects/vocabularyinputapp:testIamPermissions 200
[debug] [2023-05-06T11:49:39.971Z] <<< [apiv2][body] POST https://cloudresourcemanager.googleapis.com/v1/projects/vocabularyinputapp:testIamPermissions {"permissions":["firebase.projects.get","firebasehosting.sites.update"]}
[debug] [2023-05-06T11:49:39.972Z] >>> [apiv2][query] GET https://firebase.googleapis.com/v1beta1/projects/vocabularyinputapp [none]
[debug] [2023-05-06T11:49:40.402Z] <<< [apiv2][status] GET https://firebase.googleapis.com/v1beta1/projects/vocabularyinputapp 200
[debug] [2023-05-06T11:49:40.402Z] <<< [apiv2][body] GET https://firebase.googleapis.com/v1beta1/projects/vocabularyinputapp {"projectId":"vocabularyinputapp","projectNumber":"565705437287","displayName":"VocabularyInputApp","name":"projects/vocabularyinputapp","resources":{"hostingSite":"vocabularyinputapp","realtimeDatabaseInstance":"vocabularyinputapp-default-rtdb"},"state":"ACTIVE","etag":"1_d3dcd760-83d4-47e9-86b6-c8d38ba21fb2"}
[info] 
[info] === Deploying to 'vocabularyinputapp'...
[info] 
[info] i  deploying hosting 
[debug] [2023-05-06T11:49:40.408Z] Specified "public" directory "/dist/learn-language-app" does not exist; Deploy to Hosting site "vocabularyinputapp" may fail or be empty.
[debug] [2023-05-06T11:49:40.409Z] >>> [apiv2][query] POST https://firebasehosting.googleapis.com/v1beta1/projects/-/sites/vocabularyinputapp/versions [none]
[debug] [2023-05-06T11:49:40.410Z] >>> [apiv2][body] POST https://firebasehosting.googleapis.com/v1beta1/projects/-/sites/vocabularyinputapp/versions {"status":"CREATED","labels":{"deployment-tool":"cli-firebase"}}
[debug] [2023-05-06T11:49:41.766Z] <<< [apiv2][status] POST https://firebasehosting.googleapis.com/v1beta1/projects/-/sites/vocabularyinputapp/versions 200
[debug] [2023-05-06T11:49:41.767Z] <<< [apiv2][body] POST https://firebasehosting.googleapis.com/v1beta1/projects/-/sites/vocabularyinputapp/versions {"name":"projects/565705437287/sites/vocabularyinputapp/versions/4ca5cd2e10b6da2b","status":"CREATED","config":{},"labels":{"deployment-tool":"cli-firebase"}}
[info] i  hosting[vocabularyinputapp]: beginning deploy... 
[info] i  hosting[vocabularyinputapp]: found 19 files in /dist/learn-language-app 
[debug] [2023-05-06T11:49:41.787Z] [hosting] uploading with 200 concurrency
[debug] [2023-05-06T11:49:43.490Z] [hosting] hash cache [ZGlzdC9sZWFybi1sYW5ndWFnZS1hcHA] stored for 19 files
[debug] [2023-05-06T11:49:43.491Z] [hosting][hash queue][FINAL] {"max":1688,"min":13,"avg":104.6842105263158,"active":0,"complete":19,"success":19,"errored":0,"retried":0,"total":19,"elapsed":1697}
[debug] [2023-05-06T11:49:43.491Z] >>> [apiv2][query] POST https://firebasehosting.googleapis.com/v1beta1/projects/565705437287/sites/vocabularyinputapp/versions/4ca5cd2e10b6da2b:populateFiles [none]
[debug] [2023-05-06T11:49:43.491Z] >>> [apiv2][body] POST https://firebasehosting.googleapis.com/v1beta1/projects/565705437287/sites/vocabularyinputapp/versions/4ca5cd2e10b6da2b:populateFiles {"files":{"/favicon.ico":"5ba04cf43d3c8c026bd5edd43046db96acb28b5686d99ea7d7e148feabfffc8f","/3rdpartylicenses.txt":"e6f46522d9635d7e24c3a00788ed81b955b9ed901fdfe37a5ed9323e8ee0548e","/file_download.43590077b43c9321.svg":"926a7a2fe18f8d0aafd8a9dcf908407d29893282f983c4c9fc5f286ce958dd8b","/link.cedd468bfb7a9444.svg":"1a942e6b7c0dc4d69d9fdf322ebfd3a1b9495efcf5a5356a64e9df79e54da205","/index.html":"a9badde6b6319fa2dbab710fe8088d3fa10b08d525ab680f1097d26a45b85f24","/runtime.1132af0c35a55d0c.js":"aac50ed5fe48dd3bb56e0b346d78171e86c7dbeb347a6b1bf3ec81c4ac5d3c24","/assets/file_download.svg":"926a7a2fe18f8d0aafd8a9dcf908407d29893282f983c4c9fc5f286ce958dd8b","/polyfills.5c208bb6d3b0b273.js":"b9662b8ad569f83603c47655f2afdbd8ff02d7c2eb4b292f57ef5f6d05412c55","/assets/link.svg":"1a942e6b7c0dc4d69d9fdf322ebfd3a1b9495efcf5a5356a64e9df79e54da205","/assets/zvoncici.txt":"db6de42b4d76ac39ea4b6f4664732c12dae83c79dc12281171c041c0b26c920a","/assets/vicevi.json":"ceb8105611beefc543cd30e2d3524c1c42f3f791f045597887fd8089a1ff09d4","/book.ef8ec235e25efbcb.jpg":"7c4e3474311f83283f544678d0f1a652fa05567763dfbab11d2977dda3704d81","/book_back.370e76cde36764b3.jpg":"7071d9456884ae7da62339fef48ca93c3d43de5759b14ac3ebfa688ff2673b33","/assets/book.jpg":"7c4e3474311f83283f544678d0f1a652fa05567763dfbab11d2977dda3704d81","/assets/book_back.jpg":"7071d9456884ae7da62339fef48ca93c3d43de5759b14ac3ebfa688ff2673b33","/styles.64149f24ab077b0a.css":"8c0f31a11a77430bce596738c993b0a43a20288903fed47df16cc9d303b45f18","/assets/homepage.jpg":"c7252a25e5b4db916cf0c76a0b18b16860cb7366197eb5012c154509bc4f65f5","/main.028dc4df8761caef.js":"9e25197eff4f23f88cb626df3a807016dc78584b4a416e45bba6229b4a08d539","/assets/learnlanguageapp.apk":"e59471fbd70c6cd75f7131b3ff95f3195f995e4700dd34e035497a54161df6bf"}}
[debug] [2023-05-06T11:49:46.624Z] <<< [apiv2][status] POST https://firebasehosting.googleapis.com/v1beta1/projects/565705437287/sites/vocabularyinputapp/versions/4ca5cd2e10b6da2b:populateFiles 200
[debug] [2023-05-06T11:49:46.625Z] <<< [apiv2][body] POST https://firebasehosting.googleapis.com/v1beta1/projects/565705437287/sites/vocabularyinputapp/versions/4ca5cd2e10b6da2b:populateFiles {"uploadRequiredHashes":["a9badde6b6319fa2dbab710fe8088d3fa10b08d525ab680f1097d26a45b85f24","9e25197eff4f23f88cb626df3a807016dc78584b4a416e45bba6229b4a08d539","e59471fbd70c6cd75f7131b3ff95f3195f995e4700dd34e035497a54161df6bf"],"uploadUrl":"https://upload-firebasehosting.googleapis.com/upload/sites/vocabularyinputapp/versions/4ca5cd2e10b6da2b/files"}
[debug] [2023-05-06T11:49:46.626Z] >>> [apiv2][query] POST https://upload-firebasehosting.googleapis.com/upload/sites/vocabularyinputapp/versions/4ca5cd2e10b6da2b/files/a9badde6b6319fa2dbab710fe8088d3fa10b08d525ab680f1097d26a45b85f24 [none]
[debug] [2023-05-06T11:49:46.626Z] >>> [apiv2][body] POST https://upload-firebasehosting.googleapis.com/upload/sites/vocabularyinputapp/versions/4ca5cd2e10b6da2b/files/a9badde6b6319fa2dbab710fe8088d3fa10b08d525ab680f1097d26a45b85f24 [stream]
[debug] [2023-05-06T11:49:46.628Z] >>> [apiv2][query] POST https://upload-firebasehosting.googleapis.com/upload/sites/vocabularyinputapp/versions/4ca5cd2e10b6da2b/files/9e25197eff4f23f88cb626df3a807016dc78584b4a416e45bba6229b4a08d539 [none]
[debug] [2023-05-06T11:49:46.628Z] >>> [apiv2][body] POST https://upload-firebasehosting.googleapis.com/upload/sites/vocabularyinputapp/versions/4ca5cd2e10b6da2b/files/9e25197eff4f23f88cb626df3a807016dc78584b4a416e45bba6229b4a08d539 [stream]
[debug] [2023-05-06T11:49:46.629Z] >>> [apiv2][query] POST https://upload-firebasehosting.googleapis.com/upload/sites/vocabularyinputapp/versions/4ca5cd2e10b6da2b/files/e59471fbd70c6cd75f7131b3ff95f3195f995e4700dd34e035497a54161df6bf [none]
[debug] [2023-05-06T11:49:46.629Z] >>> [apiv2][body] POST https://upload-firebasehosting.googleapis.com/upload/sites/vocabularyinputapp/versions/4ca5cd2e10b6da2b/files/e59471fbd70c6cd75f7131b3ff95f3195f995e4700dd34e035497a54161df6bf [stream]
[debug] [2023-05-06T11:49:46.631Z] [hosting][populate queue][FINAL] {"max":3137,"min":3137,"avg":3137,"active":0,"complete":1,"success":1,"errored":0,"retried":0,"total":1,"elapsed":3142}
[debug] [2023-05-06T11:49:46.631Z] [hosting] uploads queued: 3
[debug] [2023-05-06T11:49:49.307Z] <<< [apiv2][status] POST https://upload-firebasehosting.googleapis.com/upload/sites/vocabularyinputapp/versions/4ca5cd2e10b6da2b/files/a9badde6b6319fa2dbab710fe8088d3fa10b08d525ab680f1097d26a45b85f24 200
[debug] [2023-05-06T11:49:49.308Z] <<< [apiv2][body] POST https://upload-firebasehosting.googleapis.com/upload/sites/vocabularyinputapp/versions/4ca5cd2e10b6da2b/files/a9badde6b6319fa2dbab710fe8088d3fa10b08d525ab680f1097d26a45b85f24 [stream]
[debug] [2023-05-06T11:49:56.873Z] <<< [apiv2][status] POST https://upload-firebasehosting.googleapis.com/upload/sites/vocabularyinputapp/versions/4ca5cd2e10b6da2b/files/9e25197eff4f23f88cb626df3a807016dc78584b4a416e45bba6229b4a08d539 200
[debug] [2023-05-06T11:49:56.873Z] <<< [apiv2][body] POST https://upload-firebasehosting.googleapis.com/upload/sites/vocabularyinputapp/versions/4ca5cd2e10b6da2b/files/9e25197eff4f23f88cb626df3a807016dc78584b4a416e45bba6229b4a08d539 [stream]
